<?xml version="1.0" encoding="UTF-8"?>
<!-- Generated by org.testng.reporters.JUnitReportReporter -->
<testsuite skipped="0" hostname="MacBook-Air-cua-Ngocc.local" name="tests.PracticeFormTest" tests="1" failures="0" timestamp="2022-09-05T15:11:19 ICT" time="8.233" errors="0">
  <testcase name="submitDataSuccessfully" time="8.233" classname="tests.PracticeFormTest"/>
  <system-out/>
</testsuite> <!-- tests.PracticeFormTest -->
