<?xml version="1.0" encoding="UTF-8"?>
<!-- Generated by org.testng.reporters.JUnitReportReporter -->
<testsuite skipped="0" hostname="MacBook-Air-cua-Ngocc.local" name="tests.CheckBoxText" tests="1" failures="0" timestamp="2022-09-02T20:26:54 ICT" time="6.269" errors="0">
  <testcase name="verifyCheckBox" time="6.269" classname="tests.CheckBoxText"/>
  <system-out/>
</testsuite> <!-- tests.CheckBoxText -->
